{"/home/rodionzainullin/frontend-project-lvl2/src/buildAST.js": {"path":"/home/rodionzainullin/frontend-project-lvl2/src/buildAST.js","all":false,"statementMap":{"0":{"start":{"line":1,"column":0},"end":{"line":1,"column":23}},"1":{"start":{"line":2,"column":0},"end":{"line":2,"column":0}},"2":{"start":{"line":3,"column":0},"end":{"line":3,"column":36}},"3":{"start":{"line":4,"column":0},"end":{"line":4,"column":53}},"4":{"start":{"line":5,"column":0},"end":{"line":5,"column":47}},"5":{"start":{"line":6,"column":0},"end":{"line":6,"column":30}},"6":{"start":{"line":7,"column":0},"end":{"line":7,"column":30}},"7":{"start":{"line":8,"column":0},"end":{"line":8,"column":61}},"8":{"start":{"line":9,"column":0},"end":{"line":9,"column":14}},"9":{"start":{"line":10,"column":0},"end":{"line":10,"column":23}},"10":{"start":{"line":11,"column":0},"end":{"line":11,"column":12}},"11":{"start":{"line":12,"column":0},"end":{"line":12,"column":43}},"12":{"start":{"line":13,"column":0},"end":{"line":13,"column":8}},"13":{"start":{"line":14,"column":0},"end":{"line":14,"column":5}},"14":{"start":{"line":15,"column":0},"end":{"line":15,"column":29}},"15":{"start":{"line":16,"column":0},"end":{"line":16,"column":14}},"16":{"start":{"line":17,"column":0},"end":{"line":17,"column":24}},"17":{"start":{"line":18,"column":0},"end":{"line":18,"column":12}},"18":{"start":{"line":19,"column":0},"end":{"line":19,"column":25}},"19":{"start":{"line":20,"column":0},"end":{"line":20,"column":8}},"20":{"start":{"line":21,"column":0},"end":{"line":21,"column":5}},"21":{"start":{"line":22,"column":0},"end":{"line":22,"column":29}},"22":{"start":{"line":23,"column":0},"end":{"line":23,"column":14}},"23":{"start":{"line":24,"column":0},"end":{"line":24,"column":22}},"24":{"start":{"line":25,"column":0},"end":{"line":25,"column":12}},"25":{"start":{"line":26,"column":0},"end":{"line":26,"column":25}},"26":{"start":{"line":27,"column":0},"end":{"line":27,"column":8}},"27":{"start":{"line":28,"column":0},"end":{"line":28,"column":5}},"28":{"start":{"line":29,"column":0},"end":{"line":29,"column":72}},"29":{"start":{"line":30,"column":0},"end":{"line":30,"column":14}},"30":{"start":{"line":31,"column":0},"end":{"line":31,"column":24}},"31":{"start":{"line":32,"column":0},"end":{"line":32,"column":12}},"32":{"start":{"line":33,"column":0},"end":{"line":33,"column":25}},"33":{"start":{"line":34,"column":0},"end":{"line":34,"column":25}},"34":{"start":{"line":35,"column":0},"end":{"line":35,"column":8}},"35":{"start":{"line":36,"column":0},"end":{"line":36,"column":5}},"36":{"start":{"line":37,"column":0},"end":{"line":37,"column":12}},"37":{"start":{"line":38,"column":0},"end":{"line":38,"column":24}},"38":{"start":{"line":39,"column":0},"end":{"line":39,"column":10}},"39":{"start":{"line":40,"column":0},"end":{"line":40,"column":23}},"40":{"start":{"line":41,"column":0},"end":{"line":41,"column":6}},"41":{"start":{"line":42,"column":0},"end":{"line":42,"column":5}},"42":{"start":{"line":43,"column":0},"end":{"line":43,"column":0}},"43":{"start":{"line":44,"column":0},"end":{"line":44,"column":17}},"44":{"start":{"line":45,"column":0},"end":{"line":45,"column":2}},"45":{"start":{"line":46,"column":0},"end":{"line":46,"column":0}},"46":{"start":{"line":47,"column":0},"end":{"line":47,"column":24}}},"s":{"0":1,"1":1,"2":1,"3":30,"4":30,"5":108,"6":108,"7":108,"8":24,"9":24,"10":24,"11":24,"12":24,"13":24,"14":108,"15":12,"16":12,"17":12,"18":12,"19":12,"20":12,"21":108,"22":30,"23":30,"24":30,"25":30,"26":30,"27":30,"28":108,"29":24,"30":24,"31":24,"32":24,"33":24,"34":24,"35":24,"36":18,"37":18,"38":18,"39":18,"40":18,"41":30,"42":30,"43":30,"44":1,"45":1,"46":1},"branchMap":{"0":{"type":"branch","line":1,"loc":{"start":{"line":1,"column":0},"end":{"line":47,"column":24}},"locations":[{"start":{"line":1,"column":0},"end":{"line":47,"column":24}}]},"1":{"type":"branch","line":3,"loc":{"start":{"line":3,"column":17},"end":{"line":45,"column":1}},"locations":[{"start":{"line":3,"column":17},"end":{"line":45,"column":1}}]},"2":{"type":"branch","line":5,"loc":{"start":{"line":5,"column":37},"end":{"line":42,"column":3}},"locations":[{"start":{"line":5,"column":37},"end":{"line":42,"column":3}}]},"3":{"type":"branch","line":8,"loc":{"start":{"line":8,"column":32},"end":{"line":8,"column":58}},"locations":[{"start":{"line":8,"column":32},"end":{"line":8,"column":58}}]},"4":{"type":"branch","line":8,"loc":{"start":{"line":8,"column":60},"end":{"line":14,"column":5}},"locations":[{"start":{"line":8,"column":60},"end":{"line":14,"column":5}}]},"5":{"type":"branch","line":15,"loc":{"start":{"line":15,"column":-1},"end":{"line":15,"column":28}},"locations":[{"start":{"line":15,"column":-1},"end":{"line":15,"column":28}}]},"6":{"type":"branch","line":15,"loc":{"start":{"line":15,"column":28},"end":{"line":21,"column":5}},"locations":[{"start":{"line":15,"column":28},"end":{"line":21,"column":5}}]},"7":{"type":"branch","line":22,"loc":{"start":{"line":22,"column":-1},"end":{"line":22,"column":28}},"locations":[{"start":{"line":22,"column":-1},"end":{"line":22,"column":28}}]},"8":{"type":"branch","line":22,"loc":{"start":{"line":22,"column":28},"end":{"line":28,"column":5}},"locations":[{"start":{"line":22,"column":28},"end":{"line":28,"column":5}}]},"9":{"type":"branch","line":29,"loc":{"start":{"line":29,"column":-1},"end":{"line":29,"column":46}},"locations":[{"start":{"line":29,"column":-1},"end":{"line":29,"column":46}}]},"10":{"type":"branch","line":29,"loc":{"start":{"line":29,"column":47},"end":{"line":29,"column":69}},"locations":[{"start":{"line":29,"column":47},"end":{"line":29,"column":69}}]},"11":{"type":"branch","line":29,"loc":{"start":{"line":29,"column":71},"end":{"line":36,"column":5}},"locations":[{"start":{"line":29,"column":71},"end":{"line":36,"column":5}}]},"12":{"type":"branch","line":37,"loc":{"start":{"line":37,"column":-1},"end":{"line":42,"column":2}},"locations":[{"start":{"line":37,"column":-1},"end":{"line":42,"column":2}}]}},"b":{"0":[1],"1":[30],"2":[108],"3":[36],"4":[24],"5":[84],"6":[12],"7":[72],"8":[30],"9":[42],"10":[42],"11":[24],"12":[18]},"fnMap":{"0":{"name":"buildAST","decl":{"start":{"line":3,"column":17},"end":{"line":45,"column":1}},"loc":{"start":{"line":3,"column":17},"end":{"line":45,"column":1}},"line":3}},"f":{"0":30}}
,"/home/rodionzainullin/frontend-project-lvl2/src/getData.js": {"path":"/home/rodionzainullin/frontend-project-lvl2/src/getData.js","all":false,"statementMap":{"0":{"start":{"line":1,"column":0},"end":{"line":1,"column":24}},"1":{"start":{"line":2,"column":0},"end":{"line":2,"column":20}},"2":{"start":{"line":3,"column":0},"end":{"line":3,"column":0}},"3":{"start":{"line":4,"column":0},"end":{"line":4,"column":46}},"4":{"start":{"line":5,"column":0},"end":{"line":5,"column":61}},"5":{"start":{"line":6,"column":0},"end":{"line":6,"column":48}},"6":{"start":{"line":7,"column":0},"end":{"line":7,"column":2}},"7":{"start":{"line":8,"column":0},"end":{"line":8,"column":0}},"8":{"start":{"line":9,"column":0},"end":{"line":9,"column":71}}},"s":{"0":1,"1":1,"2":1,"3":1,"4":12,"5":12,"6":1,"7":1,"8":1},"branchMap":{"0":{"type":"branch","line":1,"loc":{"start":{"line":1,"column":0},"end":{"line":9,"column":71}},"locations":[{"start":{"line":1,"column":0},"end":{"line":9,"column":71}}]},"1":{"type":"branch","line":4,"loc":{"start":{"line":4,"column":31},"end":{"line":7,"column":1}},"locations":[{"start":{"line":4,"column":31},"end":{"line":7,"column":1}}]},"2":{"type":"branch","line":9,"loc":{"start":{"line":9,"column":25},"end":{"line":9,"column":70}},"locations":[{"start":{"line":9,"column":25},"end":{"line":9,"column":70}}]}},"b":{"0":[1],"1":[12],"2":[12]},"fnMap":{"0":{"name":"getDataFromFile","decl":{"start":{"line":4,"column":31},"end":{"line":7,"column":1}},"loc":{"start":{"line":4,"column":31},"end":{"line":7,"column":1}},"line":4},"1":{"name":"getFormat","decl":{"start":{"line":9,"column":25},"end":{"line":9,"column":70}},"loc":{"start":{"line":9,"column":25},"end":{"line":9,"column":70}},"line":9}},"f":{"0":12,"1":12}}
,"/home/rodionzainullin/frontend-project-lvl2/src/index.js": {"path":"/home/rodionzainullin/frontend-project-lvl2/src/index.js","all":false,"statementMap":{"0":{"start":{"line":1,"column":0},"end":{"line":1,"column":34}},"1":{"start":{"line":2,"column":0},"end":{"line":2,"column":46}},"2":{"start":{"line":3,"column":0},"end":{"line":3,"column":37}},"3":{"start":{"line":4,"column":0},"end":{"line":4,"column":58}},"4":{"start":{"line":5,"column":0},"end":{"line":5,"column":0}},"5":{"start":{"line":6,"column":0},"end":{"line":6,"column":63}},"6":{"start":{"line":7,"column":0},"end":{"line":7,"column":73}},"7":{"start":{"line":8,"column":0},"end":{"line":8,"column":73}},"8":{"start":{"line":9,"column":0},"end":{"line":9,"column":40}},"9":{"start":{"line":10,"column":0},"end":{"line":10,"column":41}},"10":{"start":{"line":11,"column":0},"end":{"line":11,"column":0}},"11":{"start":{"line":12,"column":0},"end":{"line":12,"column":14}},"12":{"start":{"line":13,"column":0},"end":{"line":13,"column":2}},"13":{"start":{"line":14,"column":0},"end":{"line":14,"column":0}},"14":{"start":{"line":15,"column":0},"end":{"line":15,"column":23}}},"s":{"0":1,"1":1,"2":1,"3":1,"4":1,"5":1,"6":6,"7":6,"8":6,"9":6,"10":6,"11":6,"12":1,"13":1,"14":1},"branchMap":{"0":{"type":"branch","line":1,"loc":{"start":{"line":1,"column":0},"end":{"line":15,"column":23}},"locations":[{"start":{"line":1,"column":0},"end":{"line":15,"column":23}}]},"1":{"type":"branch","line":6,"loc":{"start":{"line":6,"column":16},"end":{"line":13,"column":1}},"locations":[{"start":{"line":6,"column":16},"end":{"line":13,"column":1}}]}},"b":{"0":[1],"1":[6]},"fnMap":{"0":{"name":"genDiff","decl":{"start":{"line":6,"column":16},"end":{"line":13,"column":1}},"loc":{"start":{"line":6,"column":16},"end":{"line":13,"column":1}},"line":6}},"f":{"0":6}}
,"/home/rodionzainullin/frontend-project-lvl2/src/parsers.js": {"path":"/home/rodionzainullin/frontend-project-lvl2/src/parsers.js","all":false,"statementMap":{"0":{"start":{"line":1,"column":0},"end":{"line":1,"column":27}},"1":{"start":{"line":2,"column":0},"end":{"line":2,"column":0}},"2":{"start":{"line":3,"column":0},"end":{"line":3,"column":21}},"3":{"start":{"line":4,"column":0},"end":{"line":4,"column":19}},"4":{"start":{"line":5,"column":0},"end":{"line":5,"column":17}},"5":{"start":{"line":6,"column":0},"end":{"line":6,"column":2}},"6":{"start":{"line":7,"column":0},"end":{"line":7,"column":0}},"7":{"start":{"line":8,"column":0},"end":{"line":8,"column":36}},"8":{"start":{"line":9,"column":0},"end":{"line":9,"column":38}},"9":{"start":{"line":10,"column":0},"end":{"line":10,"column":21}},"10":{"start":{"line":11,"column":0},"end":{"line":11,"column":2}}},"s":{"0":1,"1":1,"2":1,"3":1,"4":1,"5":1,"6":1,"7":1,"8":12,"9":12,"10":1},"branchMap":{"0":{"type":"branch","line":1,"loc":{"start":{"line":1,"column":0},"end":{"line":11,"column":2}},"locations":[{"start":{"line":1,"column":0},"end":{"line":11,"column":2}}]},"1":{"type":"branch","line":8,"loc":{"start":{"line":8,"column":15},"end":{"line":11,"column":1}},"locations":[{"start":{"line":8,"column":15},"end":{"line":11,"column":1}}]}},"b":{"0":[1],"1":[12]},"fnMap":{"0":{"name":"default","decl":{"start":{"line":8,"column":15},"end":{"line":11,"column":1}},"loc":{"start":{"line":8,"column":15},"end":{"line":11,"column":1}},"line":8}},"f":{"0":12}}
,"/home/rodionzainullin/frontend-project-lvl2/src/formatters/index.js": {"path":"/home/rodionzainullin/frontend-project-lvl2/src/formatters/index.js","all":false,"statementMap":{"0":{"start":{"line":1,"column":0},"end":{"line":1,"column":35}},"1":{"start":{"line":2,"column":0},"end":{"line":2,"column":31}},"2":{"start":{"line":3,"column":0},"end":{"line":3,"column":29}},"3":{"start":{"line":4,"column":0},"end":{"line":4,"column":0}},"4":{"start":{"line":5,"column":0},"end":{"line":5,"column":55}},"5":{"start":{"line":6,"column":0},"end":{"line":6,"column":25}},"6":{"start":{"line":7,"column":0},"end":{"line":7,"column":16}},"7":{"start":{"line":8,"column":0},"end":{"line":8,"column":24}},"8":{"start":{"line":9,"column":0},"end":{"line":9,"column":17}},"9":{"start":{"line":10,"column":0},"end":{"line":10,"column":25}},"10":{"start":{"line":11,"column":0},"end":{"line":11,"column":12}},"11":{"start":{"line":12,"column":0},"end":{"line":12,"column":27}},"12":{"start":{"line":13,"column":0},"end":{"line":13,"column":3}},"13":{"start":{"line":14,"column":0},"end":{"line":14,"column":2}},"14":{"start":{"line":15,"column":0},"end":{"line":15,"column":0}},"15":{"start":{"line":16,"column":0},"end":{"line":16,"column":25}}},"s":{"0":1,"1":1,"2":1,"3":1,"4":1,"5":6,"6":6,"7":2,"8":6,"9":2,"10":6,"11":2,"12":6,"13":1,"14":1,"15":1},"branchMap":{"0":{"type":"branch","line":1,"loc":{"start":{"line":1,"column":0},"end":{"line":16,"column":25}},"locations":[{"start":{"line":1,"column":0},"end":{"line":16,"column":25}}]},"1":{"type":"branch","line":5,"loc":{"start":{"line":5,"column":18},"end":{"line":14,"column":1}},"locations":[{"start":{"line":5,"column":18},"end":{"line":14,"column":1}}]},"2":{"type":"branch","line":7,"loc":{"start":{"line":7,"column":4},"end":{"line":8,"column":24}},"locations":[{"start":{"line":7,"column":4},"end":{"line":8,"column":24}}]},"3":{"type":"branch","line":9,"loc":{"start":{"line":9,"column":4},"end":{"line":10,"column":25}},"locations":[{"start":{"line":9,"column":4},"end":{"line":10,"column":25}}]},"4":{"type":"branch","line":11,"loc":{"start":{"line":11,"column":4},"end":{"line":12,"column":27}},"locations":[{"start":{"line":11,"column":4},"end":{"line":12,"column":27}}]}},"b":{"0":[1],"1":[6],"2":[2],"3":[2],"4":[2]},"fnMap":{"0":{"name":"formatter","decl":{"start":{"line":5,"column":18},"end":{"line":14,"column":1}},"loc":{"start":{"line":5,"column":18},"end":{"line":14,"column":1}},"line":5}},"f":{"0":6}}
,"/home/rodionzainullin/frontend-project-lvl2/src/formatters/json.js": {"path":"/home/rodionzainullin/frontend-project-lvl2/src/formatters/json.js","all":false,"statementMap":{"0":{"start":{"line":1,"column":0},"end":{"line":1,"column":57}}},"s":{"0":1},"branchMap":{"0":{"type":"branch","line":1,"loc":{"start":{"line":1,"column":0},"end":{"line":1,"column":57}},"locations":[{"start":{"line":1,"column":0},"end":{"line":1,"column":57}}]},"1":{"type":"branch","line":1,"loc":{"start":{"line":1,"column":15},"end":{"line":1,"column":56}},"locations":[{"start":{"line":1,"column":15},"end":{"line":1,"column":56}}]}},"b":{"0":[1],"1":[2]},"fnMap":{"0":{"name":"default","decl":{"start":{"line":1,"column":15},"end":{"line":1,"column":56}},"loc":{"start":{"line":1,"column":15},"end":{"line":1,"column":56}},"line":1}},"f":{"0":2}}
,"/home/rodionzainullin/frontend-project-lvl2/src/formatters/plain.js": {"path":"/home/rodionzainullin/frontend-project-lvl2/src/formatters/plain.js","all":false,"statementMap":{"0":{"start":{"line":1,"column":0},"end":{"line":1,"column":23}},"1":{"start":{"line":2,"column":0},"end":{"line":2,"column":0}},"2":{"start":{"line":3,"column":0},"end":{"line":3,"column":30}},"3":{"start":{"line":4,"column":0},"end":{"line":4,"column":31}},"4":{"start":{"line":5,"column":0},"end":{"line":5,"column":29}},"5":{"start":{"line":6,"column":0},"end":{"line":6,"column":3}},"6":{"start":{"line":7,"column":0},"end":{"line":7,"column":0}},"7":{"start":{"line":8,"column":0},"end":{"line":8,"column":50}},"8":{"start":{"line":9,"column":0},"end":{"line":9,"column":2}},"9":{"start":{"line":10,"column":0},"end":{"line":10,"column":0}},"10":{"start":{"line":11,"column":0},"end":{"line":11,"column":27}},"11":{"start":{"line":12,"column":0},"end":{"line":12,"column":35}},"12":{"start":{"line":13,"column":0},"end":{"line":13,"column":11}},"13":{"start":{"line":14,"column":0},"end":{"line":14,"column":46}},"14":{"start":{"line":15,"column":0},"end":{"line":15,"column":13}},"15":{"start":{"line":16,"column":0},"end":{"line":16,"column":0}},"16":{"start":{"line":17,"column":0},"end":{"line":17,"column":42}},"17":{"start":{"line":18,"column":0},"end":{"line":18,"column":19}},"18":{"start":{"line":19,"column":0},"end":{"line":19,"column":20}},"19":{"start":{"line":20,"column":0},"end":{"line":20,"column":79}},"20":{"start":{"line":21,"column":0},"end":{"line":21,"column":23}},"21":{"start":{"line":22,"column":0},"end":{"line":22,"column":18}},"22":{"start":{"line":23,"column":0},"end":{"line":23,"column":21}},"23":{"start":{"line":24,"column":0},"end":{"line":24,"column":111}},"24":{"start":{"line":25,"column":0},"end":{"line":25,"column":19}},"25":{"start":{"line":26,"column":0},"end":{"line":26,"column":89}},"26":{"start":{"line":27,"column":0},"end":{"line":27,"column":21}},"27":{"start":{"line":28,"column":0},"end":{"line":28,"column":56}},"28":{"start":{"line":29,"column":0},"end":{"line":29,"column":14}},"29":{"start":{"line":30,"column":0},"end":{"line":30,"column":51}},"30":{"start":{"line":31,"column":0},"end":{"line":31,"column":5}},"31":{"start":{"line":32,"column":0},"end":{"line":32,"column":4}},"32":{"start":{"line":33,"column":0},"end":{"line":33,"column":0}},"33":{"start":{"line":34,"column":0},"end":{"line":34,"column":25}},"34":{"start":{"line":35,"column":0},"end":{"line":35,"column":2}},"35":{"start":{"line":36,"column":0},"end":{"line":36,"column":0}},"36":{"start":{"line":37,"column":0},"end":{"line":37,"column":26}},"37":{"start":{"line":38,"column":0},"end":{"line":38,"column":50}},"38":{"start":{"line":39,"column":0},"end":{"line":39,"column":31}},"39":{"start":{"line":40,"column":0},"end":{"line":40,"column":2}},"40":{"start":{"line":41,"column":0},"end":{"line":41,"column":0}},"41":{"start":{"line":42,"column":0},"end":{"line":42,"column":21}}},"s":{"0":1,"1":1,"2":1,"3":26,"4":6,"5":6,"6":20,"7":26,"8":1,"9":1,"10":1,"11":8,"12":36,"13":36,"14":36,"15":36,"16":36,"17":36,"18":36,"19":8,"20":36,"21":6,"22":36,"23":8,"24":36,"25":10,"26":36,"27":4,"28":36,"29":0,"30":36,"31":8,"32":8,"33":8,"34":1,"35":1,"36":1,"37":2,"38":2,"39":1,"40":1,"41":1},"branchMap":{"0":{"type":"branch","line":1,"loc":{"start":{"line":1,"column":0},"end":{"line":42,"column":21}},"locations":[{"start":{"line":1,"column":0},"end":{"line":42,"column":21}}]},"1":{"type":"branch","line":3,"loc":{"start":{"line":3,"column":18},"end":{"line":9,"column":1}},"locations":[{"start":{"line":3,"column":18},"end":{"line":9,"column":1}}]},"2":{"type":"branch","line":4,"loc":{"start":{"line":4,"column":30},"end":{"line":6,"column":3}},"locations":[{"start":{"line":4,"column":30},"end":{"line":6,"column":3}}]},"3":{"type":"branch","line":7,"loc":{"start":{"line":7,"column":-1},"end":{"line":8,"column":27}},"locations":[{"start":{"line":7,"column":-1},"end":{"line":8,"column":27}}]},"4":{"type":"branch","line":8,"loc":{"start":{"line":8,"column":27},"end":{"line":8,"column":41}},"locations":[{"start":{"line":8,"column":27},"end":{"line":8,"column":41}}]},"5":{"type":"branch","line":8,"loc":{"start":{"line":8,"column":42},"end":{"line":8,"column":49}},"locations":[{"start":{"line":8,"column":42},"end":{"line":8,"column":49}}]},"6":{"type":"branch","line":11,"loc":{"start":{"line":11,"column":15},"end":{"line":35,"column":1}},"locations":[{"start":{"line":11,"column":15},"end":{"line":35,"column":1}}]},"7":{"type":"branch","line":12,"loc":{"start":{"line":12,"column":15},"end":{"line":32,"column":3}},"locations":[{"start":{"line":12,"column":15},"end":{"line":32,"column":3}}]},"8":{"type":"branch","line":19,"loc":{"start":{"line":19,"column":6},"end":{"line":20,"column":79}},"locations":[{"start":{"line":19,"column":6},"end":{"line":20,"column":79}}]},"9":{"type":"branch","line":21,"loc":{"start":{"line":21,"column":6},"end":{"line":22,"column":18}},"locations":[{"start":{"line":21,"column":6},"end":{"line":22,"column":18}}]},"10":{"type":"branch","line":23,"loc":{"start":{"line":23,"column":6},"end":{"line":24,"column":111}},"locations":[{"start":{"line":23,"column":6},"end":{"line":24,"column":111}}]},"11":{"type":"branch","line":25,"loc":{"start":{"line":25,"column":6},"end":{"line":26,"column":89}},"locations":[{"start":{"line":25,"column":6},"end":{"line":26,"column":89}}]},"12":{"type":"branch","line":27,"loc":{"start":{"line":27,"column":6},"end":{"line":28,"column":56}},"locations":[{"start":{"line":27,"column":6},"end":{"line":28,"column":56}}]},"13":{"type":"branch","line":29,"loc":{"start":{"line":29,"column":6},"end":{"line":30,"column":51}},"locations":[{"start":{"line":29,"column":6},"end":{"line":30,"column":51}}]},"14":{"type":"branch","line":20,"loc":{"start":{"line":20,"column":28},"end":{"line":20,"column":68}},"locations":[{"start":{"line":20,"column":28},"end":{"line":20,"column":68}}]},"15":{"type":"branch","line":37,"loc":{"start":{"line":37,"column":14},"end":{"line":40,"column":1}},"locations":[{"start":{"line":37,"column":14},"end":{"line":40,"column":1}}]},"16":{"type":"branch","line":38,"loc":{"start":{"line":38,"column":26},"end":{"line":38,"column":48}},"locations":[{"start":{"line":38,"column":26},"end":{"line":38,"column":48}}]}},"b":{"0":[1],"1":[26],"2":[6],"3":[20],"4":[14],"5":[6],"6":[8],"7":[36],"8":[8],"9":[6],"10":[8],"11":[10],"12":[4],"13":[0],"14":[28],"15":[2],"16":[8]},"fnMap":{"0":{"name":"stringify","decl":{"start":{"line":3,"column":18},"end":{"line":9,"column":1}},"loc":{"start":{"line":3,"column":18},"end":{"line":9,"column":1}},"line":3},"1":{"name":"render","decl":{"start":{"line":11,"column":15},"end":{"line":35,"column":1}},"loc":{"start":{"line":11,"column":15},"end":{"line":35,"column":1}},"line":11},"2":{"name":"iter","decl":{"start":{"line":12,"column":15},"end":{"line":32,"column":3}},"loc":{"start":{"line":12,"column":15},"end":{"line":32,"column":3}},"line":12},"3":{"name":"plain","decl":{"start":{"line":37,"column":14},"end":{"line":40,"column":1}},"loc":{"start":{"line":37,"column":14},"end":{"line":40,"column":1}},"line":37}},"f":{"0":26,"1":8,"2":36,"3":2}}
,"/home/rodionzainullin/frontend-project-lvl2/src/formatters/stylish.js": {"path":"/home/rodionzainullin/frontend-project-lvl2/src/formatters/stylish.js","all":false,"statementMap":{"0":{"start":{"line":1,"column":0},"end":{"line":1,"column":23}},"1":{"start":{"line":2,"column":0},"end":{"line":2,"column":0}},"2":{"start":{"line":3,"column":0},"end":{"line":3,"column":70}},"3":{"start":{"line":4,"column":0},"end":{"line":4,"column":0}},"4":{"start":{"line":5,"column":0},"end":{"line":5,"column":37}},"5":{"start":{"line":6,"column":0},"end":{"line":6,"column":32}},"6":{"start":{"line":7,"column":0},"end":{"line":7,"column":22}},"7":{"start":{"line":8,"column":0},"end":{"line":8,"column":3}},"8":{"start":{"line":9,"column":0},"end":{"line":9,"column":0}},"9":{"start":{"line":10,"column":0},"end":{"line":10,"column":50}},"10":{"start":{"line":11,"column":0},"end":{"line":11,"column":34}},"11":{"start":{"line":12,"column":0},"end":{"line":12,"column":80}},"12":{"start":{"line":13,"column":0},"end":{"line":13,"column":5}},"13":{"start":{"line":14,"column":0},"end":{"line":14,"column":0}},"14":{"start":{"line":15,"column":0},"end":{"line":15,"column":59}},"15":{"start":{"line":16,"column":0},"end":{"line":16,"column":2}},"16":{"start":{"line":17,"column":0},"end":{"line":17,"column":0}},"17":{"start":{"line":18,"column":0},"end":{"line":18,"column":27}},"18":{"start":{"line":19,"column":0},"end":{"line":19,"column":37}},"19":{"start":{"line":20,"column":0},"end":{"line":20,"column":11}},"20":{"start":{"line":21,"column":0},"end":{"line":21,"column":46}},"21":{"start":{"line":22,"column":0},"end":{"line":22,"column":13}},"22":{"start":{"line":23,"column":0},"end":{"line":23,"column":0}},"23":{"start":{"line":24,"column":0},"end":{"line":24,"column":19}},"24":{"start":{"line":25,"column":0},"end":{"line":25,"column":20}},"25":{"start":{"line":26,"column":0},"end":{"line":26,"column":133}},"26":{"start":{"line":27,"column":0},"end":{"line":27,"column":23}},"27":{"start":{"line":28,"column":0},"end":{"line":28,"column":82}},"28":{"start":{"line":29,"column":0},"end":{"line":29,"column":21}},"29":{"start":{"line":30,"column":0},"end":{"line":30,"column":146}},"30":{"start":{"line":31,"column":0},"end":{"line":31,"column":19}},"31":{"start":{"line":32,"column":0},"end":{"line":32,"column":82}},"32":{"start":{"line":33,"column":0},"end":{"line":33,"column":21}},"33":{"start":{"line":34,"column":0},"end":{"line":34,"column":82}},"34":{"start":{"line":35,"column":0},"end":{"line":35,"column":14}},"35":{"start":{"line":36,"column":0},"end":{"line":36,"column":51}},"36":{"start":{"line":37,"column":0},"end":{"line":37,"column":5}},"37":{"start":{"line":38,"column":0},"end":{"line":38,"column":4}},"38":{"start":{"line":39,"column":0},"end":{"line":39,"column":0}},"39":{"start":{"line":40,"column":0},"end":{"line":40,"column":21}},"40":{"start":{"line":41,"column":0},"end":{"line":41,"column":2}},"41":{"start":{"line":42,"column":0},"end":{"line":42,"column":0}},"42":{"start":{"line":43,"column":0},"end":{"line":43,"column":28}},"43":{"start":{"line":44,"column":0},"end":{"line":44,"column":50}},"44":{"start":{"line":45,"column":0},"end":{"line":45,"column":33}},"45":{"start":{"line":46,"column":0},"end":{"line":46,"column":2}},"46":{"start":{"line":47,"column":0},"end":{"line":47,"column":0}},"47":{"start":{"line":48,"column":0},"end":{"line":48,"column":23}}},"s":{"0":1,"1":1,"2":1,"3":1,"4":1,"5":54,"6":40,"7":40,"8":14,"9":14,"10":18,"11":18,"12":14,"13":14,"14":14,"15":1,"16":1,"17":1,"18":8,"19":36,"20":36,"21":36,"22":36,"23":36,"24":36,"25":8,"26":36,"27":6,"28":36,"29":8,"30":36,"31":10,"32":36,"33":4,"34":36,"35":0,"36":36,"37":8,"38":8,"39":8,"40":1,"41":1,"42":1,"43":2,"44":2,"45":1,"46":1,"47":1},"branchMap":{"0":{"type":"branch","line":1,"loc":{"start":{"line":1,"column":0},"end":{"line":48,"column":23}},"locations":[{"start":{"line":1,"column":0},"end":{"line":48,"column":23}}]},"1":{"type":"branch","line":3,"loc":{"start":{"line":3,"column":18},"end":{"line":3,"column":69}},"locations":[{"start":{"line":3,"column":18},"end":{"line":3,"column":69}}]},"2":{"type":"branch","line":5,"loc":{"start":{"line":5,"column":18},"end":{"line":16,"column":1}},"locations":[{"start":{"line":5,"column":18},"end":{"line":16,"column":1}}]},"3":{"type":"branch","line":6,"loc":{"start":{"line":6,"column":31},"end":{"line":8,"column":3}},"locations":[{"start":{"line":6,"column":31},"end":{"line":8,"column":3}}]},"4":{"type":"branch","line":9,"loc":{"start":{"line":9,"column":-1},"end":{"line":16,"column":0}},"locations":[{"start":{"line":9,"column":-1},"end":{"line":16,"column":0}}]},"5":{"type":"branch","line":10,"loc":{"start":{"line":10,"column":40},"end":{"line":13,"column":3}},"locations":[{"start":{"line":10,"column":40},"end":{"line":13,"column":3}}]},"6":{"type":"branch","line":18,"loc":{"start":{"line":18,"column":15},"end":{"line":41,"column":1}},"locations":[{"start":{"line":18,"column":15},"end":{"line":41,"column":1}}]},"7":{"type":"branch","line":19,"loc":{"start":{"line":19,"column":15},"end":{"line":38,"column":3}},"locations":[{"start":{"line":19,"column":15},"end":{"line":38,"column":3}}]},"8":{"type":"branch","line":25,"loc":{"start":{"line":25,"column":6},"end":{"line":26,"column":133}},"locations":[{"start":{"line":25,"column":6},"end":{"line":26,"column":133}}]},"9":{"type":"branch","line":27,"loc":{"start":{"line":27,"column":6},"end":{"line":28,"column":82}},"locations":[{"start":{"line":27,"column":6},"end":{"line":28,"column":82}}]},"10":{"type":"branch","line":29,"loc":{"start":{"line":29,"column":6},"end":{"line":30,"column":146}},"locations":[{"start":{"line":29,"column":6},"end":{"line":30,"column":146}}]},"11":{"type":"branch","line":31,"loc":{"start":{"line":31,"column":6},"end":{"line":32,"column":82}},"locations":[{"start":{"line":31,"column":6},"end":{"line":32,"column":82}}]},"12":{"type":"branch","line":33,"loc":{"start":{"line":33,"column":6},"end":{"line":34,"column":82}},"locations":[{"start":{"line":33,"column":6},"end":{"line":34,"column":82}}]},"13":{"type":"branch","line":35,"loc":{"start":{"line":35,"column":6},"end":{"line":36,"column":51}},"locations":[{"start":{"line":35,"column":6},"end":{"line":36,"column":51}}]},"14":{"type":"branch","line":26,"loc":{"start":{"line":26,"column":63},"end":{"line":26,"column":96}},"locations":[{"start":{"line":26,"column":63},"end":{"line":26,"column":96}}]},"15":{"type":"branch","line":43,"loc":{"start":{"line":43,"column":16},"end":{"line":46,"column":1}},"locations":[{"start":{"line":43,"column":16},"end":{"line":46,"column":1}}]},"16":{"type":"branch","line":44,"loc":{"start":{"line":44,"column":26},"end":{"line":44,"column":48}},"locations":[{"start":{"line":44,"column":26},"end":{"line":44,"column":48}}]}},"b":{"0":[1],"1":[84],"2":[54],"3":[40],"4":[14],"5":[18],"6":[8],"7":[36],"8":[8],"9":[6],"10":[8],"11":[10],"12":[4],"13":[0],"14":[28],"15":[2],"16":[8]},"fnMap":{"0":{"name":"getIndent","decl":{"start":{"line":3,"column":18},"end":{"line":3,"column":69}},"loc":{"start":{"line":3,"column":18},"end":{"line":3,"column":69}},"line":3},"1":{"name":"stringify","decl":{"start":{"line":5,"column":18},"end":{"line":16,"column":1}},"loc":{"start":{"line":5,"column":18},"end":{"line":16,"column":1}},"line":5},"2":{"name":"render","decl":{"start":{"line":18,"column":15},"end":{"line":41,"column":1}},"loc":{"start":{"line":18,"column":15},"end":{"line":41,"column":1}},"line":18},"3":{"name":"iter","decl":{"start":{"line":19,"column":15},"end":{"line":38,"column":3}},"loc":{"start":{"line":19,"column":15},"end":{"line":38,"column":3}},"line":19},"4":{"name":"stylish","decl":{"start":{"line":43,"column":16},"end":{"line":46,"column":1}},"loc":{"start":{"line":43,"column":16},"end":{"line":46,"column":1}},"line":43}},"f":{"0":84,"1":54,"2":8,"3":36,"4":2}}
}
