TN:
SF:src/buildAST.js
FN:3,buildAST
FNF:1
FNH:1
FNDA:30,buildAST
DA:1,1
DA:2,1
DA:3,1
DA:4,30
DA:5,30
DA:6,108
DA:7,108
DA:8,108
DA:9,24
DA:10,24
DA:11,24
DA:12,24
DA:13,24
DA:14,24
DA:15,108
DA:16,12
DA:17,12
DA:18,12
DA:19,12
DA:20,12
DA:21,12
DA:22,108
DA:23,30
DA:24,30
DA:25,30
DA:26,30
DA:27,30
DA:28,30
DA:29,108
DA:30,24
DA:31,24
DA:32,24
DA:33,24
DA:34,24
DA:35,24
DA:36,24
DA:37,18
DA:38,18
DA:39,18
DA:40,18
DA:41,18
DA:42,30
DA:43,30
DA:44,30
DA:45,1
DA:46,1
DA:47,1
LF:47
LH:47
BRDA:1,0,0,1
BRDA:3,1,0,30
BRDA:5,2,0,108
BRDA:8,3,0,36
BRDA:8,4,0,24
BRDA:15,5,0,84
BRDA:15,6,0,12
BRDA:22,7,0,72
BRDA:22,8,0,30
BRDA:29,9,0,42
BRDA:29,10,0,42
BRDA:29,11,0,24
BRDA:37,12,0,18
BRF:13
BRH:13
end_of_record
TN:
SF:src/getData.js
FN:4,getDataFromFile
FN:9,getFormat
FNF:2
FNH:2
FNDA:12,getDataFromFile
FNDA:12,getFormat
DA:1,1
DA:2,1
DA:3,1
DA:4,1
DA:5,12
DA:6,12
DA:7,1
DA:8,1
DA:9,1
LF:9
LH:9
BRDA:1,0,0,1
BRDA:4,1,0,12
BRDA:9,2,0,12
BRF:3
BRH:3
end_of_record
TN:
SF:src/index.js
FN:6,genDiff
FNF:1
FNH:1
FNDA:6,genDiff
DA:1,1
DA:2,1
DA:3,1
DA:4,1
DA:5,1
DA:6,1
DA:7,6
DA:8,6
DA:9,6
DA:10,6
DA:11,6
DA:12,6
DA:13,1
DA:14,1
DA:15,1
LF:15
LH:15
BRDA:1,0,0,1
BRDA:6,1,0,6
BRF:2
BRH:2
end_of_record
TN:
SF:src/parsers.js
FN:8,default
FNF:1
FNH:1
FNDA:12,default
DA:1,1
DA:2,1
DA:3,1
DA:4,1
DA:5,1
DA:6,1
DA:7,1
DA:8,1
DA:9,12
DA:10,12
DA:11,1
LF:11
LH:11
BRDA:1,0,0,1
BRDA:8,1,0,12
BRF:2
BRH:2
end_of_record
TN:
SF:src/formatters/index.js
FN:5,formatter
FNF:1
FNH:1
FNDA:6,formatter
DA:1,1
DA:2,1
DA:3,1
DA:4,1
DA:5,1
DA:6,6
DA:7,6
DA:8,2
DA:9,6
DA:10,2
DA:11,6
DA:12,2
DA:13,6
DA:14,1
DA:15,1
DA:16,1
LF:16
LH:16
BRDA:1,0,0,1
BRDA:5,1,0,6
BRDA:7,2,0,2
BRDA:9,3,0,2
BRDA:11,4,0,2
BRF:5
BRH:5
end_of_record
TN:
SF:src/formatters/json.js
FN:1,default
FNF:1
FNH:1
FNDA:2,default
DA:1,1
LF:1
LH:1
BRDA:1,0,0,1
BRDA:1,1,0,2
BRF:2
BRH:2
end_of_record
TN:
SF:src/formatters/plain.js
FN:3,stringify
FN:11,render
FN:12,iter
FN:37,plain
FNF:4
FNH:4
FNDA:26,stringify
FNDA:8,render
FNDA:36,iter
FNDA:2,plain
DA:1,1
DA:2,1
DA:3,1
DA:4,26
DA:5,6
DA:6,6
DA:7,20
DA:8,26
DA:9,1
DA:10,1
DA:11,1
DA:12,8
DA:13,36
DA:14,36
DA:15,36
DA:16,36
DA:17,36
DA:18,36
DA:19,36
DA:20,8
DA:21,36
DA:22,6
DA:23,36
DA:24,8
DA:25,36
DA:26,10
DA:27,36
DA:28,4
DA:29,36
DA:30,0
DA:31,36
DA:32,8
DA:33,8
DA:34,8
DA:35,1
DA:36,1
DA:37,1
DA:38,2
DA:39,2
DA:40,1
DA:41,1
DA:42,1
LF:42
LH:41
BRDA:1,0,0,1
BRDA:3,1,0,26
BRDA:4,2,0,6
BRDA:7,3,0,20
BRDA:8,4,0,14
BRDA:8,5,0,6
BRDA:11,6,0,8
BRDA:12,7,0,36
BRDA:19,8,0,8
BRDA:21,9,0,6
BRDA:23,10,0,8
BRDA:25,11,0,10
BRDA:27,12,0,4
BRDA:29,13,0,0
BRDA:20,14,0,28
BRDA:37,15,0,2
BRDA:38,16,0,8
BRF:17
BRH:16
end_of_record
TN:
SF:src/formatters/stylish.js
FN:3,getIndent
FN:5,stringify
FN:18,render
FN:19,iter
FN:43,stylish
FNF:5
FNH:5
FNDA:84,getIndent
FNDA:54,stringify
FNDA:8,render
FNDA:36,iter
FNDA:2,stylish
DA:1,1
DA:2,1
DA:3,1
DA:4,1
DA:5,1
DA:6,54
DA:7,40
DA:8,40
DA:9,14
DA:10,14
DA:11,18
DA:12,18
DA:13,14
DA:14,14
DA:15,14
DA:16,1
DA:17,1
DA:18,1
DA:19,8
DA:20,36
DA:21,36
DA:22,36
DA:23,36
DA:24,36
DA:25,36
DA:26,8
DA:27,36
DA:28,6
DA:29,36
DA:30,8
DA:31,36
DA:32,10
DA:33,36
DA:34,4
DA:35,36
DA:36,0
DA:37,36
DA:38,8
DA:39,8
DA:40,8
DA:41,1
DA:42,1
DA:43,1
DA:44,2
DA:45,2
DA:46,1
DA:47,1
DA:48,1
LF:48
LH:47
BRDA:1,0,0,1
BRDA:3,1,0,84
BRDA:5,2,0,54
BRDA:6,3,0,40
BRDA:9,4,0,14
BRDA:10,5,0,18
BRDA:18,6,0,8
BRDA:19,7,0,36
BRDA:25,8,0,8
BRDA:27,9,0,6
BRDA:29,10,0,8
BRDA:31,11,0,10
BRDA:33,12,0,4
BRDA:35,13,0,0
BRDA:26,14,0,28
BRDA:43,15,0,2
BRDA:44,16,0,8
BRF:17
BRH:16
end_of_record
